<?xml version="1.0" encoding="UTF-8"?>
<testsuite xmlns:xsi="http://www.w3.org/2001/XMLSchema-instance" xsi:noNamespaceSchemaLocation="https://maven.apache.org/surefire/maven-surefire-plugin/xsd/surefire-test-report-3.0.xsd" version="3.0" name="com.santiago.apirest.ApirestApplicationTests" time="3.643" tests="1" errors="0" skipped="0" failures="0">
  <properties>
[...]
</properties>
  <testcase name="contextLoads" classname="com.santiago.apirest.ApirestApplicationTests" time="1.52">
    <system-out><![CDATA[23:06:24.024 [main] INFO org.springframework.boot.devtools.restart.RestartApplicationListener -- Restart disabled due to context in which it is running

  .   ____          _            __ _ _
 /\\ / ___'_ __ _ _(_)_ __  __ _ \ \ \ \
( ( )\___ | '_ | '_| | '_ \/ _` | \ \ \ \
 \\/  ___)| |_)| | | | | || (_| |  ) ) ) )
  '  |____| .__|_| |_|_| |_\__, | / / / /
 =========|_|==============|___/=/_/_/_/
 :: Spring Boot ::                (v3.2.0)

2023-12-08T23:06:24.325-05:00  INFO 5172 --- [           main] c.s.apirest.ApirestApplicationTests      : Starting ApirestApplicationTests using Java 18.0.1.1 with PID 5172 (started by Admin in C:\Users\Admin\Desktop\2023-2\Programacion Distribuida y Paralela\Actividades evaluativas\Web Services y Cloud\Api\apirest)
2023-12-08T23:06:24.325-05:00 DEBUG 5172 --- [           main] c.s.apirest.ApirestApplicationTests      : Running with Spring Boot v3.2.0, Spring v6.1.1
2023-12-08T23:06:24.325-05:00  INFO 5172 --- [           main] c.s.apirest.ApirestApplicationTests      : No active profile set, falling back to 1 default profile: "default"
2023-12-08T23:06:24.341-05:00 DEBUG 5172 --- [           main] o.s.boot.SpringApplication               : Loading source class com.santiago.apirest.ApirestApplicationTests
2023-12-08T23:06:24.389-05:00 DEBUG 5172 --- [           main] o.s.w.c.s.GenericWebApplicationContext   : Refreshing org.springframework.web.context.support.GenericWebApplicationContext@e24ddd0
2023-12-08T23:06:24.417-05:00 DEBUG 5172 --- [           main] o.s.b.f.s.DefaultListableBeanFactory     : Creating shared instance of singleton bean 'org.springframework.context.annotation.internalConfigurationAnnotationProcessor'
2023-12-08T23:06:24.437-05:00 DEBUG 5172 --- [           main] o.s.b.f.s.DefaultListableBeanFactory     : Creating shared instance of singleton bean 'org.springframework.boot.autoconfigure.internalCachingMetadataReaderFactory'
2023-12-08T23:06:24.468-05:00 DEBUG 5172 --- [           main] o.s.b.f.s.DefaultListableBeanFactory     : Creating shared instance of singleton bean 'org.springframework.boot.test.mock.mockito.MockitoPostProcessor'
2023-12-08T23:06:24.476-05:00 DEBUG 5172 --- [           main] o.s.b.f.s.DefaultListableBeanFactory     : Creating shared instance of singleton bean 'org.springframework.context.event.internalEventListenerProcessor'
2023-12-08T23:06:24.484-05:00 DEBUG 5172 --- [           main] o.s.b.f.s.DefaultListableBeanFactory     : Creating shared instance of singleton bean 'org.springframework.context.event.internalEventListenerFactory'
2023-12-08T23:06:24.484-05:00 DEBUG 5172 --- [           main] o.s.b.f.s.DefaultListableBeanFactory     : Creating shared instance of singleton bean 'org.springframework.boot.test.mock.mockito.MockitoPostProcessor$SpyPostProcessor'
2023-12-08T23:06:24.484-05:00 DEBUG 5172 --- [           main] o.s.b.f.s.DefaultListableBeanFactory     : Creating shared instance of singleton bean 'org.springframework.context.annotation.internalAutowiredAnnotationProcessor'
2023-12-08T23:06:24.490-05:00 DEBUG 5172 --- [           main] o.s.b.f.s.DefaultListableBeanFactory     : Creating shared instance of singleton bean 'org.springframework.context.annotation.internalCommonAnnotationProcessor'
2023-12-08T23:06:24.494-05:00 DEBUG 5172 --- [           main] o.s.b.f.s.DefaultListableBeanFactory     : Creating shared instance of singleton bean 'org.springframework.context.annotation.internalPersistenceAnnotationProcessor'
2023-12-08T23:06:24.497-05:00 DEBUG 5172 --- [           main] o.s.u.c.s.UiApplicationContextUtils      : Unable to locate ThemeSource with name 'themeSource': using default [org.springframework.ui.context.support.ResourceBundleThemeSource@705202d1]
2023-12-08T23:06:24.497-05:00 DEBUG 5172 --- [           main] o.s.b.f.s.DefaultListableBeanFactory     : Creating shared instance of singleton bean 'apirestApplicationTests'
2023-12-08T23:06:24.505-05:00 DEBUG 5172 --- [           main] o.s.c.support.DefaultLifecycleProcessor  : Starting beans in phase -2147483647
2023-12-08T23:06:24.516-05:00 DEBUG 5172 --- [           main] o.s.c.support.DefaultLifecycleProcessor  : Successfully started bean 'springBootLoggingLifecycle'
2023-12-08T23:06:24.519-05:00  INFO 5172 --- [           main] c.s.apirest.ApirestApplicationTests      : Started ApirestApplicationTests in 0.526 seconds (process running for 3.232)
2023-12-08T23:06:24.519-05:00 DEBUG 5172 --- [           main] o.s.boot.devtools.restart.Restarter      : Creating new Restarter for thread Thread[main,5,main]
2023-12-08T23:06:24.601-05:00 DEBUG 5172 --- [           main] org.springframework.test.context.cache   : Spring test ApplicationContext cache statistics: [DefaultContextCache@4a183d02 size = 1, maxSize = 32, parentContextCount = 0, hitCount = 0, missCount = 1, failureCount = 0]
2023-12-08T23:06:24.601-05:00 DEBUG 5172 --- [           main] o.s.t.c.w.ServletTestExecutionListener   : Setting up MockHttpServletRequest, MockHttpServletResponse, ServletWebRequest, and RequestContextHolder for test class com.santiago.apirest.ApirestApplicationTests
2023-12-08T23:06:24.618-05:00 DEBUG 5172 --- [           main] DependencyInjectionTestExecutionListener : Performing dependency injection for test class com.santiago.apirest.ApirestApplicationTests
2023-12-08T23:06:24.618-05:00 DEBUG 5172 --- [           main] org.springframework.test.context.cache   : Spring test ApplicationContext cache statistics: [DefaultContextCache@4a183d02 size = 1, maxSize = 32, parentContextCount = 0, hitCount = 1, missCount = 1, failureCount = 0]
2023-12-08T23:06:24.618-05:00 DEBUG 5172 --- [           main] org.springframework.test.context.cache   : Spring test ApplicationContext cache statistics: [DefaultContextCache@4a183d02 size = 1, maxSize = 32, parentContextCount = 0, hitCount = 2, missCount = 1, failureCount = 0]
2023-12-08T23:06:24.634-05:00 DEBUG 5172 --- [           main] sContextBeforeModesTestExecutionListener : Before test method: class [ApirestApplicationTests], method [contextLoads], class annotated with @DirtiesContext [false] with mode [null], method annotated with @DirtiesContext [false] with mode [null]
2023-12-08T23:06:24.634-05:00 DEBUG 5172 --- [           main] org.springframework.test.context.cache   : Spring test ApplicationContext cache statistics: [DefaultContextCache@4a183d02 size = 1, maxSize = 32, parentContextCount = 0, hitCount = 3, missCount = 1, failureCount = 0]
2023-12-08T23:06:24.634-05:00 DEBUG 5172 --- [           main] org.springframework.test.context.cache   : Spring test ApplicationContext cache statistics: [DefaultContextCache@4a183d02 size = 1, maxSize = 32, parentContextCount = 0, hitCount = 4, missCount = 1, failureCount = 0]
2023-12-08T23:06:26.109-05:00 DEBUG 5172 --- [           main] org.springframework.test.context.cache   : Spring test ApplicationContext cache statistics: [DefaultContextCache@4a183d02 size = 1, maxSize = 32, parentContextCount = 0, hitCount = 5, missCount = 1, failureCount = 0]
2023-12-08T23:06:26.125-05:00 DEBUG 5172 --- [           main] org.springframework.test.context.cache   : Spring test ApplicationContext cache statistics: [DefaultContextCache@4a183d02 size = 1, maxSize = 32, parentContextCount = 0, hitCount = 6, missCount = 1, failureCount = 0]
2023-12-08T23:06:26.126-05:00 DEBUG 5172 --- [           main] org.springframework.test.context.cache   : Spring test ApplicationContext cache statistics: [DefaultContextCache@4a183d02 size = 1, maxSize = 32, parentContextCount = 0, hitCount = 7, missCount = 1, failureCount = 0]
2023-12-08T23:06:26.126-05:00 DEBUG 5172 --- [           main] org.springframework.test.context.cache   : Spring test ApplicationContext cache statistics: [DefaultContextCache@4a183d02 size = 1, maxSize = 32, parentContextCount = 0, hitCount = 8, missCount = 1, failureCount = 0]
2023-12-08T23:06:26.126-05:00 DEBUG 5172 --- [           main] org.springframework.test.context.cache   : Spring test ApplicationContext cache statistics: [DefaultContextCache@4a183d02 size = 1, maxSize = 32, parentContextCount = 0, hitCount = 9, missCount = 1, failureCount = 0]
2023-12-08T23:06:26.126-05:00 DEBUG 5172 --- [           main] org.springframework.test.context.cache   : Spring test ApplicationContext cache statistics: [DefaultContextCache@4a183d02 size = 1, maxSize = 32, parentContextCount = 0, hitCount = 10, missCount = 1, failureCount = 0]
2023-12-08T23:06:26.126-05:00 DEBUG 5172 --- [           main] org.springframework.test.context.cache   : Spring test ApplicationContext cache statistics: [DefaultContextCache@4a183d02 size = 1, maxSize = 32, parentContextCount = 0, hitCount = 11, missCount = 1, failureCount = 0]
2023-12-08T23:06:26.131-05:00 DEBUG 5172 --- [           main] .c.s.DirtiesContextTestExecutionListener : After test method: class [ApirestApplicationTests], method [contextLoads], class annotated with @DirtiesContext [false] with mode [null], method annotated with @DirtiesContext [false] with mode [null]
2023-12-08T23:06:26.131-05:00 DEBUG 5172 --- [           main] o.s.t.c.w.ServletTestExecutionListener   : Resetting RequestContextHolder for test class com.santiago.apirest.ApirestApplicationTests
]]></system-out>
  </testcase>
</testsuite>